#-----------------------------------------------------------
# Vivado v2018.3 (64-bit)
# SW Build 2405991 on Thu Dec  6 23:38:27 MST 2018
# IP Build 2404404 on Fri Dec  7 01:43:56 MST 2018
# Start of session at: Sun Aug  2 09:41:21 2020
# Process ID: 11024
# Current directory: C:/Users/51249/Documents/Tencent Files/512491013/FileRecv/Camera_RGB_Demo
# Command line: vivado.exe -gui_launcher_event rodinguilauncherevent12888 C:\Users\51249\Documents\Tencent Files\512491013\FileRecv\Camera_RGB_Demo\Camera_RGB_Demo.xpr
# Log file: C:/Users/51249/Documents/Tencent Files/512491013/FileRecv/Camera_RGB_Demo/vivado.log
# Journal file: C:/Users/51249/Documents/Tencent Files/512491013/FileRecv/Camera_RGB_Demo\vivado.jou
#-----------------------------------------------------------
start_gui
open_project {C:/Users/51249/Documents/Tencent Files/512491013/FileRecv/Camera_RGB_Demo/Camera_RGB_Demo.xpr}
Scanning sources...
Finished scanning sources
INFO: [IP_Flow 19-234] Refreshing IP repositories
INFO: [IP_Flow 19-1700] Loaded user IP repository 'c:/Users/51249/Documents/Tencent Files/512491013/FileRecv/Camera_RGB_Demo/IP_Core'.
INFO: [IP_Flow 19-2313] Loaded Vivado IP repository 'C:/Xilinx/Vivado/2018.3/data/ip'.
open_project: Time (s): cpu = 00:00:16 ; elapsed = 00:00:11 . Memory (MB): peak = 736.012 ; gain = 130.965
update_compile_order -fileset sources_1
open_hw
connect_hw_server
INFO: [Labtools 27-2285] Connecting to hw_server url TCP:localhost:3121
INFO: [Labtools 27-2222] Launching hw_server...
INFO: [Labtools 27-2221] Launch Output:

****** Xilinx hw_server v2018.3
  **** Build date : Dec  7 2018-00:40:27
    ** Copyright 1986-2018 Xilinx, Inc. All Rights Reserved.


open_hw_target
INFO: [Labtoolstcl 44-466] Opening hw_target localhost:3121/xilinx_tcf/Digilent/210251A08870
open_hw_target: Time (s): cpu = 00:00:05 ; elapsed = 00:00:05 . Memory (MB): peak = 1719.676 ; gain = 435.391
set_property PROGRAM.FILE {C:/Users/51249/Documents/Tencent Files/512491013/FileRecv/Camera_RGB_Demo/Camera_RGB_Demo.runs/impl_1/Camera_RGB_Demo.bit} [get_hw_devices xc7s15_0]
current_hw_device [get_hw_devices xc7s15_0]
refresh_hw_device -update_hw_probes false [lindex [get_hw_devices xc7s15_0] 0]
INFO: [Labtools 27-1435] Device xc7s15 (JTAG device index = 0) is not programmed (DONE status = 0).
set_property PROBES.FILE {} [get_hw_devices xc7s15_0]
set_property FULL_PROBES.FILE {} [get_hw_devices xc7s15_0]
set_property PROGRAM.FILE {C:/Users/51249/Documents/Tencent Files/512491013/FileRecv/Camera_RGB_Demo/Camera_RGB_Demo.runs/impl_1/Camera_RGB_Demo.bit} [get_hw_devices xc7s15_0]
program_hw_devices [get_hw_devices xc7s15_0]
INFO: [Labtools 27-3164] End of startup status: HIGH
refresh_hw_device [lindex [get_hw_devices xc7s15_0] 0]
INFO: [Labtools 27-1434] Device xc7s15 (JTAG device index = 0) is programmed with a design that has no supported debug core(s) in it.
reset_run impl_1 -prev_step 
launch_runs impl_1 -to_step write_bitstream -jobs 2
INFO: [Vivado 12-4149] The synthesis checkpoint for IP 'C:/Users/51249/Documents/Tencent Files/512491013/FileRecv/Camera_RGB_Demo/Camera_RGB_Demo.srcs/sources_1/ip/clk_wiz_0/clk_wiz_0.xci' is already up-to-date
[Sun Aug  2 09:44:03 2020] Launched impl_1...
Run output will be captured here: C:/Users/51249/Documents/Tencent Files/512491013/FileRecv/Camera_RGB_Demo/Camera_RGB_Demo.runs/impl_1/runme.log
set_property PROBES.FILE {} [get_hw_devices xc7s15_0]
set_property FULL_PROBES.FILE {} [get_hw_devices xc7s15_0]
set_property PROGRAM.FILE {C:/Users/51249/Documents/Tencent Files/512491013/FileRecv/Camera_RGB_Demo/Camera_RGB_Demo.runs/impl_1/Camera_RGB_Demo.bit} [get_hw_devices xc7s15_0]
program_hw_devices [get_hw_devices xc7s15_0]
INFO: [Labtools 27-3164] End of startup status: HIGH
refresh_hw_device [lindex [get_hw_devices xc7s15_0] 0]
INFO: [Labtools 27-1434] Device xc7s15 (JTAG device index = 0) is programmed with a design that has no supported debug core(s) in it.
ERROR: [Labtoolstcl 44-513] HW Target shutdown. Closing target: localhost:3121/xilinx_tcf/Digilent/210251A08870
INFO: [Labtoolstcl 44-466] Opening hw_target localhost:3121/xilinx_tcf/Digilent/210251A08870
INFO: [Labtools 27-1435] Device xc7s15 (JTAG device index = 0) is not programmed (DONE status = 0).
WARNING: [Labtoolstcl 44-129] No matching hw_ila_data was found.
set_property PROBES.FILE {} [get_hw_devices xc7s15_0]
set_property FULL_PROBES.FILE {} [get_hw_devices xc7s15_0]
set_property PROGRAM.FILE {C:/Users/51249/Documents/Tencent Files/512491013/FileRecv/Camera_RGB_Demo/Camera_RGB_Demo.runs/impl_1/Camera_RGB_Demo.bit} [get_hw_devices xc7s15_0]
program_hw_devices [get_hw_devices xc7s15_0]
INFO: [Labtools 27-3164] End of startup status: HIGH
refresh_hw_device [lindex [get_hw_devices xc7s15_0] 0]
INFO: [Labtools 27-1434] Device xc7s15 (JTAG device index = 0) is programmed with a design that has no supported debug core(s) in it.
ERROR: [Labtools 27-2269] No devices detected on target localhost:3121/xilinx_tcf/Digilent/210251A08870.
Check cable connectivity and that the target board is powered up then
use the disconnect_hw_server and connect_hw_server to re-register this hardware target.
ERROR: [Labtools 27-2269] No devices detected on target localhost:3121/xilinx_tcf/Digilent/210251A08870.
Check cable connectivity and that the target board is powered up then
use the disconnect_hw_server and connect_hw_server to re-register this hardware target.
ERROR: [Labtools 27-2269] No devices detected on target localhost:3121/xilinx_tcf/Digilent/210251A08870.
Check cable connectivity and that the target board is powered up then
use the disconnect_hw_server and connect_hw_server to re-register this hardware target.
ERROR: [Labtoolstcl 44-513] HW Target shutdown. Closing target: localhost:3121/xilinx_tcf/Digilent/210251A08870
INFO: [Labtoolstcl 44-466] Opening hw_target localhost:3121/xilinx_tcf/Digilent/210251A08870
INFO: [Labtools 27-1434] Device xc7s15 (JTAG device index = 0) is programmed with a design that has no supported debug core(s) in it.
WARNING: [Labtoolstcl 44-129] No matching hw_ila_data was found.
ERROR: [Labtoolstcl 44-513] HW Target shutdown. Closing target: localhost:3121/xilinx_tcf/Digilent/210251A08870
INFO: [Labtoolstcl 44-466] Opening hw_target localhost:3121/xilinx_tcf/Digilent/210251A08870
INFO: [Labtools 27-1434] Device xc7s15 (JTAG device index = 0) is programmed with a design that has no supported debug core(s) in it.
WARNING: [Labtoolstcl 44-129] No matching hw_ila_data was found.
ERROR: [Labtoolstcl 44-513] HW Target shutdown. Closing target: localhost:3121/xilinx_tcf/Digilent/210251A08870
